[2026-04-24 17:05:03] HTTP:404
RESPONSE:
<!DOCTYPE HTML PUBLIC "-//IETF//DTD HTML 2.0//EN">
<html><head>
<title>404 Not Found</title>
</head><body>
<h1>Not Found</h1>
<p>The requested URL was not found on this server.</p>
</body></html>


[2026-04-24 17:07:18] HTTP:0
RESPONSE:


[2026-04-24 17:08:35] HTTP:0
RESPONSE:


[2026-04-24 17:11:52] HTTP:404
RESPONSE:
<!DOCTYPE HTML PUBLIC "-//IETF//DTD HTML 2.0//EN">
<html><head>
<title>404 Not Found</title>
</head><body>
<h1>Not Found</h1>
<p>The requested URL was not found on this server.</p>
</body></html>


[2026-04-24 17:12:58] HTTP:0
RESPONSE:


[2026-04-24 17:14:44] HTTP:0
RESPONSE:


[2026-04-24 17:16:55] HTTP:0
RESPONSE:


[2026-04-24 17:17:38] HTTP:0
RESPONSE:


[2026-04-24 17:18:58] HTTP:0
RESPONSE:


[2026-04-24 17:19:48] HTTP:0
RESPONSE:


[2026-04-24 17:20:41] HTTP:0
RESPONSE:


[2026-04-25 01:08:53] HTTP:404
RESPONSE:
<!DOCTYPE HTML PUBLIC "-//IETF//DTD HTML 2.0//EN">
<html><head>
<title>404 Not Found</title>
</head><body>
<h1>Not Found</h1>
<p>The requested URL was not found on this server.</p>
</body></html>


[2026-04-25 01:08:54] HTTP:404
RESPONSE:
<!DOCTYPE HTML PUBLIC "-//IETF//DTD HTML 2.0//EN">
<html><head>
<title>404 Not Found</title>
</head><body>
<h1>Not Found</h1>
<p>The requested URL was not found on this server.</p>
</body></html>


[2026-04-25 01:08:55] HTTP:404
RESPONSE:
<!DOCTYPE HTML PUBLIC "-//IETF//DTD HTML 2.0//EN">
<html><head>
<title>404 Not Found</title>
</head><body>
<h1>Not Found</h1>
<p>The requested URL was not found on this server.</p>
</body></html>


[2026-04-25 01:09:10] HTTP:404
RESPONSE:
<!DOCTYPE HTML PUBLIC "-//IETF//DTD HTML 2.0//EN">
<html><head>
<title>404 Not Found</title>
</head><body>
<h1>Not Found</h1>
<p>The requested URL was not found on this server.</p>
</body></html>


[2026-04-25 01:10:09] HTTP:0
RESPONSE:


[2026-04-25 01:12:00] HTTP:0
RESPONSE:


[2026-04-25 01:12:51] HTTP:0
RESPONSE:


[2026-04-25 01:13:33] HTTP:0
RESPONSE:


[2026-04-25 01:14:17] HTTP:0
RESPONSE:


[2026-04-25 01:17:26] HTTP:404
RESPONSE:
<!DOCTYPE HTML PUBLIC "-//IETF//DTD HTML 2.0//EN">
<html><head>
<title>404 Not Found</title>
</head><body>
<h1>Not Found</h1>
<p>The requested URL was not found on this server.</p>
</body></html>


[2026-04-25 01:42:01] FORWARDED TO: http://127.0.0.1/telegram/webhook | HTTP CODE: 404
LOCAL RESPONSE: <!DOCTYPE HTML PUBLIC "-//IETF//DTD HTML 2.0//EN">
<html><head>
<title>404 Not Found</title>
</head><body>
<h1>Not Found</h1>
<p>The requested URL was not found on this server.</p>
</body></html>

ERROR: 

[2026-04-25 01:42:02] FORWARDED TO: http://127.0.0.1/telegram/webhook | HTTP CODE: 404
LOCAL RESPONSE: <!DOCTYPE HTML PUBLIC "-//IETF//DTD HTML 2.0//EN">
<html><head>
<title>404 Not Found</title>
</head><body>
<h1>Not Found</h1>
<p>The requested URL was not found on this server.</p>
</body></html>

ERROR: 

[2026-04-25 01:42:02] FORWARDED TO: http://127.0.0.1/telegram/webhook | HTTP CODE: 404
LOCAL RESPONSE: <!DOCTYPE HTML PUBLIC "-//IETF//DTD HTML 2.0//EN">
<html><head>
<title>404 Not Found</title>
</head><body>
<h1>Not Found</h1>
<p>The requested URL was not found on this server.</p>
</body></html>

ERROR: 

[2026-04-25 02:24:57] FORWARDED TO: http://127.0.0.1/telegram/webhook | HTTP CODE: 404
LOCAL RESPONSE: <!DOCTYPE HTML PUBLIC "-//IETF//DTD HTML 2.0//EN">
<html><head>
<title>404 Not Found</title>
</head><body>
<h1>Not Found</h1>
<p>The requested URL was not found on this server.</p>
</body></html>

ERROR: 

[2026-04-27 16:17:28] FORWARDED TO: http://127.0.0.1/telegram/webhook | HTTP CODE: 404
LOCAL RESPONSE: <!DOCTYPE HTML PUBLIC "-//IETF//DTD HTML 2.0//EN">
<html><head>
<title>404 Not Found</title>
</head><body>
<h1>Not Found</h1>
<p>The requested URL was not found on this server.</p>
</body></html>

ERROR: 

[2026-04-27 16:18:04] FORWARDED TO: https://habitant-washstand-ought.ngrok-free.dev/telegram/webhook | HTTP CODE: 0
LOCAL RESPONSE: 
ERROR: Operation timed out after 10007 milliseconds with 0 bytes received

[2026-04-27 16:38:31] FORWARDED TO: https://habitant-washstand-ought.ngrok-free.dev/telegram/webhook | HTTP CODE: 0
LOCAL RESPONSE: 
ERROR: Operation timed out after 10010 milliseconds with 0 bytes received

[2026-04-27 16:59:25] FORWARDED TO: https://habitant-washstand-ought.ngrok-free.dev/telegram/webhook | HTTP CODE: 0
LOCAL RESPONSE: 
ERROR: Operation timed out after 10002 milliseconds with 0 bytes received

[2026-04-28 21:59:32] FORWARDED TO: https://habitant-washstand-ought.ngrok-free.dev/telegram/webhook | HTTP CODE: 0
LOCAL RESPONSE: 
ERROR: Operation timed out after 10013 milliseconds with 0 bytes received

[2026-04-28 22:12:45] FORWARDED TO: https://habitant-washstand-ought.ngrok-free.dev/telegram/webhook | HTTP CODE: 0
LOCAL RESPONSE: 
ERROR: Operation timed out after 10015 milliseconds with 0 bytes received

[2026-04-28 22:35:40] FORWARDED TO: https://habitant-washstand-ought.ngrok-free.dev/telegram/webhook | HTTP CODE: 0
LOCAL RESPONSE: 
ERROR: Operation timed out after 10004 milliseconds with 0 bytes received

[2026-04-28 22:35:51] FORWARDED TO: https://habitant-washstand-ought.ngrok-free.dev/telegram/webhook | HTTP CODE: 0
LOCAL RESPONSE: 
ERROR: Operation timed out after 10014 milliseconds with 0 bytes received

[2026-04-28 22:36:02] FORWARDED TO: https://habitant-washstand-ought.ngrok-free.dev/telegram/webhook | HTTP CODE: 0
LOCAL RESPONSE: 
ERROR: Operation timed out after 10003 milliseconds with 0 bytes received

[2026-04-28 22:36:12] FORWARDED TO: https://habitant-washstand-ought.ngrok-free.dev/telegram/webhook | HTTP CODE: 0
LOCAL RESPONSE: 
ERROR: Operation timed out after 10003 milliseconds with 0 bytes received

[2026-04-28 22:36:23] FORWARDED TO: https://habitant-washstand-ought.ngrok-free.dev/telegram/webhook | HTTP CODE: 0
LOCAL RESPONSE: 
ERROR: Operation timed out after 10000 milliseconds with 0 bytes received

[2026-04-28 22:36:33] FORWARDED TO: https://habitant-washstand-ought.ngrok-free.dev/telegram/webhook | HTTP CODE: 0
LOCAL RESPONSE: 
ERROR: Operation timed out after 10013 milliseconds with 0 bytes received

[2026-04-28 22:36:43] FORWARDED TO: https://habitant-washstand-ought.ngrok-free.dev/telegram/webhook | HTTP CODE: 0
LOCAL RESPONSE: 
ERROR: Operation timed out after 10007 milliseconds with 0 bytes received

[2026-04-28 22:36:54] FORWARDED TO: https://habitant-washstand-ought.ngrok-free.dev/telegram/webhook | HTTP CODE: 0
LOCAL RESPONSE: 
ERROR: Operation timed out after 10000 milliseconds with 0 bytes received

[2026-04-28 22:37:04] FORWARDED TO: https://habitant-washstand-ought.ngrok-free.dev/telegram/webhook | HTTP CODE: 0
LOCAL RESPONSE: 
ERROR: Operation timed out after 10015 milliseconds with 0 bytes received

[2026-04-28 22:37:15] FORWARDED TO: https://habitant-washstand-ought.ngrok-free.dev/telegram/webhook | HTTP CODE: 0
LOCAL RESPONSE: 
ERROR: Operation timed out after 10001 milliseconds with 0 bytes received

[2026-04-28 22:37:25] FORWARDED TO: https://habitant-washstand-ought.ngrok-free.dev/telegram/webhook | HTTP CODE: 0
LOCAL RESPONSE: 
ERROR: Operation timed out after 10004 milliseconds with 0 bytes received

[2026-04-28 22:37:35] FORWARDED TO: https://habitant-washstand-ought.ngrok-free.dev/telegram/webhook | HTTP CODE: 0
LOCAL RESPONSE: 
ERROR: Operation timed out after 10010 milliseconds with 0 bytes received

[2026-04-28 22:37:46] FORWARDED TO: https://habitant-washstand-ought.ngrok-free.dev/telegram/webhook | HTTP CODE: 0
LOCAL RESPONSE: 
ERROR: Operation timed out after 10003 milliseconds with 0 bytes received

[2026-04-28 22:37:56] FORWARDED TO: https://habitant-washstand-ought.ngrok-free.dev/telegram/webhook | HTTP CODE: 0
LOCAL RESPONSE: 
ERROR: Operation timed out after 10003 milliseconds with 0 bytes received

[2026-04-28 22:38:07] FORWARDED TO: https://habitant-washstand-ought.ngrok-free.dev/telegram/webhook | HTTP CODE: 0
LOCAL RESPONSE: 
ERROR: Operation timed out after 10005 milliseconds with 0 bytes received

[2026-04-28 22:38:17] FORWARDED TO: https://habitant-washstand-ought.ngrok-free.dev/telegram/webhook | HTTP CODE: 0
LOCAL RESPONSE: 
ERROR: Operation timed out after 10011 milliseconds with 0 bytes received

[2026-04-28 22:38:28] FORWARDED TO: https://habitant-washstand-ought.ngrok-free.dev/telegram/webhook | HTTP CODE: 0
LOCAL RESPONSE: 
ERROR: Operation timed out after 10014 milliseconds with 0 bytes received

[2026-04-28 22:38:38] FORWARDED TO: https://habitant-washstand-ought.ngrok-free.dev/telegram/webhook | HTTP CODE: 0
LOCAL RESPONSE: 
ERROR: Operation timed out after 10008 milliseconds with 0 bytes received

[2026-04-28 22:38:48] FORWARDED TO: https://habitant-washstand-ought.ngrok-free.dev/telegram/webhook | HTTP CODE: 0
LOCAL RESPONSE: 
ERROR: Operation timed out after 10007 milliseconds with 0 bytes received

[2026-04-28 22:38:59] FORWARDED TO: https://habitant-washstand-ought.ngrok-free.dev/telegram/webhook | HTTP CODE: 0
LOCAL RESPONSE: 
ERROR: Operation timed out after 10000 milliseconds with 0 bytes received

[2026-04-28 22:39:09] FORWARDED TO: https://habitant-washstand-ought.ngrok-free.dev/telegram/webhook | HTTP CODE: 0
LOCAL RESPONSE: 
ERROR: Operation timed out after 10000 milliseconds with 0 bytes received

[2026-04-28 22:39:20] FORWARDED TO: https://habitant-washstand-ought.ngrok-free.dev/telegram/webhook | HTTP CODE: 0
LOCAL RESPONSE: 
ERROR: Operation timed out after 10013 milliseconds with 0 bytes received

[2026-04-28 22:39:30] FORWARDED TO: https://habitant-washstand-ought.ngrok-free.dev/telegram/webhook | HTTP CODE: 0
LOCAL RESPONSE: 
ERROR: Operation timed out after 10004 milliseconds with 0 bytes received

[2026-04-28 22:39:40] FORWARDED TO: https://habitant-washstand-ought.ngrok-free.dev/telegram/webhook | HTTP CODE: 0
LOCAL RESPONSE: 
ERROR: Operation timed out after 10001 milliseconds with 0 bytes received

[2026-04-28 22:39:51] FORWARDED TO: https://habitant-washstand-ought.ngrok-free.dev/telegram/webhook | HTTP CODE: 0
LOCAL RESPONSE: 
ERROR: Operation timed out after 10005 milliseconds with 0 bytes received

[2026-04-28 22:40:01] FORWARDED TO: https://habitant-washstand-ought.ngrok-free.dev/telegram/webhook | HTTP CODE: 0
LOCAL RESPONSE: 
ERROR: Operation timed out after 10002 milliseconds with 0 bytes received

[2026-04-28 22:40:11] FORWARDED TO: https://habitant-washstand-ought.ngrok-free.dev/telegram/webhook | HTTP CODE: 0
LOCAL RESPONSE: 
ERROR: Operation timed out after 10005 milliseconds with 0 bytes received

[2026-04-28 22:40:22] FORWARDED TO: https://habitant-washstand-ought.ngrok-free.dev/telegram/webhook | HTTP CODE: 0
LOCAL RESPONSE: 
ERROR: Operation timed out after 10001 milliseconds with 0 bytes received

[2026-05-05 07:59:26] FORWARDED TO: https://habitant-washstand-ought.ngrok-free.dev/telegram/webhook | HTTP CODE: 0
LOCAL RESPONSE: 
ERROR: Operation timed out after 10002 milliseconds with 0 bytes received

[2026-05-05 08:00:22] FORWARDED TO: https://habitant-washstand-ought.ngrok-free.dev/telegram/webhook | HTTP CODE: 0
LOCAL RESPONSE: 
ERROR: Operation timed out after 10011 milliseconds with 0 bytes received

[2026-05-05 08:01:35] FORWARDED TO: https://habitant-washstand-ought.ngrok-free.dev/telegram/webhook | HTTP CODE: 0
LOCAL RESPONSE: 
ERROR: Operation timed out after 10015 milliseconds with 0 bytes received

[2026-05-05 08:03:14] FORWARDED TO: https://habitant-washstand-ought.ngrok-free.dev/telegram/webhook | HTTP CODE: 0
LOCAL RESPONSE: 
ERROR: Operation timed out after 10011 milliseconds with 0 bytes received

[2026-06-01 17:37:57] FORWARDED TO: https://habitant-washstand-ought.ngrok-free.dev/telegram/webhook | HTTP CODE: 0
LOCAL RESPONSE: 
ERROR: Operation timed out after 10012 milliseconds with 0 bytes received

[2026-06-01 18:00:01] FORWARDED TO: https://habitant-washstand-ought.ngrok-free.dev/telegram/webhook | HTTP CODE: 0
LOCAL RESPONSE: 
ERROR: Operation timed out after 10014 milliseconds with 0 bytes received

